<?xml version="1.0" encoding="UTF-8"?>
<testsuite name="pascal.taie.analysis.dataflow.analysis.constprop.CPTest" tests="7" skipped="0" failures="0" errors="0" timestamp="2021-10-12T09:51:02" hostname="Lingyu-Zhangs-iMac.local" time="66.494">
  <properties/>
  <testcase name="testSimpleChar" classname="pascal.taie.analysis.dataflow.analysis.constprop.CPTest" time="12.942"/>
  <testcase name="testSimpleBinary" classname="pascal.taie.analysis.dataflow.analysis.constprop.CPTest" time="9.76"/>
  <testcase name="testSimpleBranch" classname="pascal.taie.analysis.dataflow.analysis.constprop.CPTest" time="9.153"/>
  <testcase name="testSimpleConstant" classname="pascal.taie.analysis.dataflow.analysis.constprop.CPTest" time="8.766"/>
  <testcase name="testBranchConstant" classname="pascal.taie.analysis.dataflow.analysis.constprop.CPTest" time="8.704"/>
  <testcase name="testAssign" classname="pascal.taie.analysis.dataflow.analysis.constprop.CPTest" time="8.577"/>
  <testcase name="testInterprocedural" classname="pascal.taie.analysis.dataflow.analysis.constprop.CPTest" time="8.588"/>
  <system-out><![CDATA[Tai-e starts ...
Writing options to output/options.yml
Writing analysis plan to output/tai-e-plan.yml
WorldBuilder starts ...
Warning: main class 'SimpleChar' does not have main(String[]) method!
9230 classes with 90299 methods in the world
WorldBuilder finishes, elapsed time: 11.66s
throw starts ...
4 methods in scope (app) of intra-procedural analysis
throw finishes, elapsed time: 0.06s
cfg starts ...
cfg finishes, elapsed time: 0.01s
constprop starts ...
constprop finishes, elapsed time: 0.04s
process-result starts ...
process-result finishes, elapsed time: 0.03s
Tai-e finishes, elapsed time: 12.14s
Tai-e starts ...
Writing options to output/options.yml
Writing analysis plan to output/tai-e-plan.yml
WorldBuilder starts ...
Warning: main class 'SimpleBinary' does not have main(String[]) method!
9230 classes with 90301 methods in the world
WorldBuilder finishes, elapsed time: 9.56s
throw starts ...
6 methods in scope (app) of intra-procedural analysis
throw finishes, elapsed time: 0.02s
cfg starts ...
cfg finishes, elapsed time: 0.01s
constprop starts ...
constprop finishes, elapsed time: 0.04s
process-result starts ...
process-result finishes, elapsed time: 0.06s
Tai-e finishes, elapsed time: 9.76s
Tai-e starts ...
Writing options to output/options.yml
Writing analysis plan to output/tai-e-plan.yml
WorldBuilder starts ...
Warning: main class 'SimpleBranch' does not have main(String[]) method!
9230 classes with 90297 methods in the world
WorldBuilder finishes, elapsed time: 8.99s
throw starts ...
2 methods in scope (app) of intra-procedural analysis
throw finishes, elapsed time: 0.03s
cfg starts ...
cfg finishes, elapsed time: 0.00s
constprop starts ...
constprop finishes, elapsed time: 0.01s
process-result starts ...
process-result finishes, elapsed time: 0.01s
Tai-e finishes, elapsed time: 9.15s
Tai-e starts ...
Writing options to output/options.yml
Writing analysis plan to output/tai-e-plan.yml
WorldBuilder starts ...
Warning: main class 'SimpleConstant' does not have main(String[]) method!
9230 classes with 90298 methods in the world
WorldBuilder finishes, elapsed time: 8.68s
throw starts ...
3 methods in scope (app) of intra-procedural analysis
throw finishes, elapsed time: 0.01s
cfg starts ...
cfg finishes, elapsed time: 0.00s
constprop starts ...
constprop finishes, elapsed time: 0.00s
process-result starts ...
process-result finishes, elapsed time: 0.00s
Tai-e finishes, elapsed time: 8.76s
Tai-e starts ...
Writing options to output/options.yml
Writing analysis plan to output/tai-e-plan.yml
WorldBuilder starts ...
Warning: main class 'BranchConstant' does not have main(String[]) method!
9230 classes with 90298 methods in the world
WorldBuilder finishes, elapsed time: 8.61s
throw starts ...
3 methods in scope (app) of intra-procedural analysis
throw finishes, elapsed time: 0.01s
cfg starts ...
cfg finishes, elapsed time: 0.00s
constprop starts ...
constprop finishes, elapsed time: 0.00s
process-result starts ...
process-result finishes, elapsed time: 0.01s
Tai-e finishes, elapsed time: 8.70s
Tai-e starts ...
Writing options to output/options.yml
Writing analysis plan to output/tai-e-plan.yml
WorldBuilder starts ...
Warning: main class 'Assign' does not have main(String[]) method!
9230 classes with 90297 methods in the world
WorldBuilder finishes, elapsed time: 8.50s
throw starts ...
2 methods in scope (app) of intra-procedural analysis
throw finishes, elapsed time: 0.00s
cfg starts ...
cfg finishes, elapsed time: 0.00s
constprop starts ...
constprop finishes, elapsed time: 0.00s
process-result starts ...
process-result finishes, elapsed time: 0.00s
Tai-e finishes, elapsed time: 8.57s
Tai-e starts ...
Writing options to output/options.yml
Writing analysis plan to output/tai-e-plan.yml
WorldBuilder starts ...
Warning: main class 'Interprocedural' does not have main(String[]) method!
9230 classes with 90300 methods in the world
WorldBuilder finishes, elapsed time: 8.51s
throw starts ...
5 methods in scope (app) of intra-procedural analysis
throw finishes, elapsed time: 0.01s
cfg starts ...
cfg finishes, elapsed time: 0.00s
constprop starts ...
constprop finishes, elapsed time: 0.01s
process-result starts ...
process-result finishes, elapsed time: 0.01s
Tai-e finishes, elapsed time: 8.58s
]]></system-out>
  <system-err><![CDATA[]]></system-err>
</testsuite>
